This file contains any messages produced by compilers while
running configure, to aid debugging if configure makes a mistake.

It was created by pam_automount configure 1.0, which was
generated by GNU Autoconf 2.69.  Invocation command line was

  $ ./configure --prefix=/home/babiole/Pamela/PamDebian/

## --------- ##
## Platform. ##
## --------- ##

hostname = localhost.localdomain
uname -m = x86_64
uname -r = 4.7.9-200.fc24.x86_64
uname -s = Linux
uname -v = #1 SMP Thu Oct 20 14:26:16 UTC 2016

/usr/bin/uname -p = x86_64
/bin/uname -X     = unknown

/bin/arch              = x86_64
/usr/bin/arch -k       = unknown
/usr/convex/getsysinfo = unknown
/usr/bin/hostinfo      = unknown
/bin/machine           = unknown
/usr/bin/oslevel       = unknown
/bin/universe          = unknown

PATH: /usr/lib64/qt-3.3/bin
PATH: /usr/local/bin
PATH: /usr/local/sbin
PATH: /usr/bin
PATH: /usr/sbin
PATH: /home/babiole/bin


## ----------- ##
## Core tests. ##
## ----------- ##

configure:2461: checking build system type
configure:2475: result: x86_64-unknown-linux-gnu
configure:2495: checking host system type
configure:2508: result: x86_64-unknown-linux-gnu
configure:2549: checking how to print strings
configure:2576: result: printf
configure:2648: checking for gcc
configure:2664: found /usr/bin/gcc
configure:2675: result: gcc
configure:2904: checking for C compiler version
configure:2913: gcc --version >&5
gcc (GCC) 6.2.1 20160916 (Red Hat 6.2.1-2)
Copyright (C) 2016 Free Software Foundation, Inc.
This is free software; see the source for copying conditions.  There is NO
warranty; not even for MERCHANTABILITY or FITNESS FOR A PARTICULAR PURPOSE.

configure:2924: $? = 0
configure:2913: gcc -v >&5
Using built-in specs.
COLLECT_GCC=gcc
COLLECT_LTO_WRAPPER=/usr/libexec/gcc/x86_64-redhat-linux/6.2.1/lto-wrapper
Target: x86_64-redhat-linux
Configured with: ../configure --enable-bootstrap --enable-languages=c,c++,objc,obj-c++,fortran,ada,go,lto --prefix=/usr --mandir=/usr/share/man --infodir=/usr/share/info --with-bugurl=http://bugzilla.redhat.com/bugzilla --enable-shared --enable-threads=posix --enable-checking=release --enable-multilib --with-system-zlib --enable-__cxa_atexit --disable-libunwind-exceptions --enable-gnu-unique-object --enable-linker-build-id --with-linker-hash-style=gnu --enable-plugin --enable-initfini-array --disable-libgcj --with-isl --enable-libmpx --enable-gnu-indirect-function --with-tune=generic --with-arch_32=i686 --build=x86_64-redhat-linux
Thread model: posix
gcc version 6.2.1 20160916 (Red Hat 6.2.1-2) (GCC) 
configure:2924: $? = 0
configure:2913: gcc -V >&5
gcc: error: unrecognized command line option '-V'
gcc: fatal error: no input files
compilation terminated.
configure:2924: $? = 1
configure:2913: gcc -qversion >&5
gcc: error: unrecognized command line option '-qversion'; did you mean '--version'?
gcc: fatal error: no input files
compilation terminated.
configure:2924: $? = 1
configure:2944: checking whether the C compiler works
configure:2966: gcc    conftest.c  >&5
configure:2970: $? = 0
configure:3018: result: yes
configure:3021: checking for C compiler default output file name
configure:3023: result: a.out
configure:3029: checking for suffix of executables
configure:3036: gcc -o conftest    conftest.c  >&5
configure:3040: $? = 0
configure:3062: result: 
configure:3084: checking whether we are cross compiling
configure:3092: gcc -o conftest    conftest.c  >&5
configure:3096: $? = 0
configure:3103: ./conftest
configure:3107: $? = 0
configure:3122: result: no
configure:3127: checking for suffix of object files
configure:3149: gcc -c   conftest.c >&5
configure:3153: $? = 0
configure:3174: result: o
configure:3178: checking whether we are using the GNU C compiler
configure:3197: gcc -c   conftest.c >&5
configure:3197: $? = 0
configure:3206: result: yes
configure:3215: checking whether gcc accepts -g
configure:3235: gcc -c -g  conftest.c >&5
configure:3235: $? = 0
configure:3276: result: yes
configure:3293: checking for gcc option to accept ISO C89
configure:3356: gcc  -c -g -O2  conftest.c >&5
configure:3356: $? = 0
configure:3369: result: none needed
configure:3394: checking whether gcc understands -c and -o together
configure:3416: gcc -c conftest.c -o conftest2.o
configure:3419: $? = 0
configure:3416: gcc -c conftest.c -o conftest2.o
configure:3419: $? = 0
configure:3431: result: yes
configure:3448: checking for a sed that does not truncate output
configure:3512: result: /usr/bin/sed
configure:3530: checking for grep that handles long lines and -e
configure:3588: result: /usr/bin/grep
configure:3593: checking for egrep
configure:3655: result: /usr/bin/grep -E
configure:3660: checking for fgrep
configure:3722: result: /usr/bin/grep -F
configure:3757: checking for ld used by gcc
configure:3824: result: /usr/bin/ld
configure:3831: checking if the linker (/usr/bin/ld) is GNU ld
configure:3846: result: yes
configure:3858: checking for BSD- or MS-compatible name lister (nm)
configure:3912: result: /usr/bin/nm -B
configure:4042: checking the name lister (/usr/bin/nm -B) interface
configure:4049: gcc -c -g -O2  conftest.c >&5
configure:4052: /usr/bin/nm -B "conftest.o"
configure:4055: output
0000000000000000 B some_variable
configure:4062: result: BSD nm
configure:4065: checking whether ln -s works
configure:4069: result: yes
configure:4077: checking the maximum length of command line arguments
configure:4208: result: 1572864
configure:4256: checking how to convert x86_64-unknown-linux-gnu file names to x86_64-unknown-linux-gnu format
configure:4296: result: func_convert_file_noop
configure:4303: checking how to convert x86_64-unknown-linux-gnu file names to toolchain format
configure:4323: result: func_convert_file_noop
configure:4330: checking for /usr/bin/ld option to reload object files
configure:4337: result: -r
configure:4411: checking for objdump
configure:4427: found /usr/bin/objdump
configure:4438: result: objdump
configure:4470: checking how to recognize dependent libraries
configure:4670: result: pass_all
configure:4755: checking for dlltool
configure:4785: result: no
configure:4815: checking how to associate runtime and link libraries
configure:4842: result: printf %s\n
configure:4903: checking for ar
configure:4919: found /usr/bin/ar
configure:4930: result: ar
configure:4967: checking for archiver @FILE support
configure:4984: gcc -c -g -O2  conftest.c >&5
configure:4984: $? = 0
configure:4987: ar cru libconftest.a @conftest.lst >&5
configure:4990: $? = 0
configure:4995: ar cru libconftest.a @conftest.lst >&5
ar: conftest.o: No such file or directory
configure:4998: $? = 1
configure:5010: result: @
configure:5068: checking for strip
configure:5084: found /usr/bin/strip
configure:5095: result: strip
configure:5167: checking for ranlib
configure:5183: found /usr/bin/ranlib
configure:5194: result: ranlib
configure:5271: checking for gawk
configure:5287: found /usr/bin/gawk
configure:5298: result: gawk
configure:5338: checking command to parse /usr/bin/nm -B output from gcc object
configure:5491: gcc -c -g -O2  conftest.c >&5
configure:5494: $? = 0
configure:5498: /usr/bin/nm -B conftest.o \| sed -n -e 's/^.*[ ]\([ABCDGIRSTW][ABCDGIRSTW]*\)[ ][ ]*\([_A-Za-z][_A-Za-z0-9]*\)$/\1 \2 \2/p' | sed '/ __gnu_lto/d' \> conftest.nm
configure:5501: $? = 0
configure:5567: gcc -o conftest -g -O2   conftest.c conftstm.o >&5
configure:5570: $? = 0
configure:5608: result: ok
configure:5655: checking for sysroot
configure:5685: result: no
configure:5692: checking for a working dd
configure:5730: result: /usr/bin/dd
configure:5734: checking how to truncate binary pipes
configure:5749: result: /usr/bin/dd bs=4096 count=1
configure:5885: gcc -c -g -O2  conftest.c >&5
configure:5888: $? = 0
configure:6078: checking for mt
configure:6108: result: no
configure:6128: checking if : is a manifest tool
configure:6134: : '-?'
configure:6142: result: no
configure:6819: checking how to run the C preprocessor
configure:6850: gcc -E  conftest.c
configure:6850: $? = 0
configure:6864: gcc -E  conftest.c
conftest.c:9:28: fatal error: ac_nonexistent.h: No such file or directory
 #include <ac_nonexistent.h>
                            ^
compilation terminated.
configure:6864: $? = 1
configure: failed program was:
| /* confdefs.h */
| #define PACKAGE_NAME "pam_automount"
| #define PACKAGE_TARNAME "pam_automount"
| #define PACKAGE_VERSION "1.0"
| #define PACKAGE_STRING "pam_automount 1.0"
| #define PACKAGE_BUGREPORT "nicolas.constanty@epitech.eu"
| #define PACKAGE_URL ""
| /* end confdefs.h.  */
| #include <ac_nonexistent.h>
configure:6889: result: gcc -E
configure:6909: gcc -E  conftest.c
configure:6909: $? = 0
configure:6923: gcc -E  conftest.c
conftest.c:9:28: fatal error: ac_nonexistent.h: No such file or directory
 #include <ac_nonexistent.h>
                            ^
compilation terminated.
configure:6923: $? = 1
configure: failed program was:
| /* confdefs.h */
| #define PACKAGE_NAME "pam_automount"
| #define PACKAGE_TARNAME "pam_automount"
| #define PACKAGE_VERSION "1.0"
| #define PACKAGE_STRING "pam_automount 1.0"
| #define PACKAGE_BUGREPORT "nicolas.constanty@epitech.eu"
| #define PACKAGE_URL ""
| /* end confdefs.h.  */
| #include <ac_nonexistent.h>
configure:6952: checking for ANSI C header files
configure:6972: gcc -c -g -O2  conftest.c >&5
configure:6972: $? = 0
configure:7045: gcc -o conftest -g -O2   conftest.c  >&5
configure:7045: $? = 0
configure:7045: ./conftest
configure:7045: $? = 0
configure:7056: result: yes
configure:7069: checking for sys/types.h
configure:7069: gcc -c -g -O2  conftest.c >&5
configure:7069: $? = 0
configure:7069: result: yes
configure:7069: checking for sys/stat.h
configure:7069: gcc -c -g -O2  conftest.c >&5
configure:7069: $? = 0
configure:7069: result: yes
configure:7069: checking for stdlib.h
configure:7069: gcc -c -g -O2  conftest.c >&5
configure:7069: $? = 0
configure:7069: result: yes
configure:7069: checking for string.h
configure:7069: gcc -c -g -O2  conftest.c >&5
configure:7069: $? = 0
configure:7069: result: yes
configure:7069: checking for memory.h
configure:7069: gcc -c -g -O2  conftest.c >&5
configure:7069: $? = 0
configure:7069: result: yes
configure:7069: checking for strings.h
configure:7069: gcc -c -g -O2  conftest.c >&5
configure:7069: $? = 0
configure:7069: result: yes
configure:7069: checking for inttypes.h
configure:7069: gcc -c -g -O2  conftest.c >&5
configure:7069: $? = 0
configure:7069: result: yes
configure:7069: checking for stdint.h
configure:7069: gcc -c -g -O2  conftest.c >&5
configure:7069: $? = 0
configure:7069: result: yes
configure:7069: checking for unistd.h
configure:7069: gcc -c -g -O2  conftest.c >&5
configure:7069: $? = 0
configure:7069: result: yes
configure:7083: checking for dlfcn.h
configure:7083: gcc -c -g -O2  conftest.c >&5
configure:7083: $? = 0
configure:7083: result: yes
configure:7338: checking for objdir
configure:7353: result: .libs
configure:7613: checking if gcc supports -fno-rtti -fno-exceptions
configure:7631: gcc -c -g -O2  -fno-rtti -fno-exceptions conftest.c >&5
cc1: warning: command line option '-fno-rtti' is valid for C++/ObjC++ but not for C
configure:7635: $? = 0
configure:7648: result: no
configure:8006: checking for gcc option to produce PIC
configure:8013: result: -fPIC -DPIC
configure:8021: checking if gcc PIC flag -fPIC -DPIC works
configure:8039: gcc -c -g -O2  -fPIC -DPIC -DPIC conftest.c >&5
configure:8043: $? = 0
configure:8056: result: yes
configure:8085: checking if gcc static flag -static works
configure:8113: result: no
configure:8128: checking if gcc supports -c -o file.o
configure:8149: gcc -c -g -O2  -o out/conftest2.o conftest.c >&5
configure:8153: $? = 0
configure:8175: result: yes
configure:8183: checking if gcc supports -c -o file.o
configure:8230: result: yes
configure:8263: checking whether the gcc linker (/usr/bin/ld -m elf_x86_64) supports shared libraries
configure:9522: result: yes
configure:9559: checking whether -lc should be explicitly linked in
configure:9567: gcc -c -g -O2  conftest.c >&5
configure:9570: $? = 0
configure:9585: gcc -shared  -fPIC -DPIC conftest.o  -v -Wl,-soname -Wl,conftest -o conftest 2\>\&1 \| /usr/bin/grep  -lc  \>/dev/null 2\>\&1
configure:9588: $? = 0
configure:9602: result: no
configure:9762: checking dynamic linker characteristics
configure:10343: gcc -o conftest -g -O2   -Wl,-rpath -Wl,/foo conftest.c  >&5
configure:10343: $? = 0
configure:10583: result: GNU/Linux ld.so
configure:10705: checking how to hardcode library paths into programs
configure:10730: result: immediate
configure:11278: checking whether stripping libraries is possible
configure:11283: result: yes
configure:11318: checking if libtool supports shared libraries
configure:11320: result: yes
configure:11323: checking whether to build shared libraries
configure:11348: result: yes
configure:11351: checking whether to build static libraries
configure:11355: result: yes
configure:11408: checking for a BSD-compatible install
configure:11476: result: /usr/bin/install -c
configure:11487: checking whether build environment is sane
configure:11542: result: yes
configure:11690: checking for a thread-safe mkdir -p
configure:11729: result: /usr/bin/mkdir -p
configure:11732: checking whether make sets $(MAKE)
configure:11754: result: yes
configure:11784: checking for style of include used by make
configure:11812: result: GNU
configure:11846: checking whether make supports nested variables
configure:11863: result: yes
configure:11948: checking dependency style of gcc
configure:12059: result: gcc3
configure:12181: checking for g++
configure:12197: found /usr/bin/g++
configure:12208: result: g++
configure:12235: checking for C++ compiler version
configure:12244: g++ --version >&5
g++ (GCC) 6.2.1 20160916 (Red Hat 6.2.1-2)
Copyright (C) 2016 Free Software Foundation, Inc.
This is free software; see the source for copying conditions.  There is NO
warranty; not even for MERCHANTABILITY or FITNESS FOR A PARTICULAR PURPOSE.

configure:12255: $? = 0
configure:12244: g++ -v >&5
Using built-in specs.
COLLECT_GCC=g++
COLLECT_LTO_WRAPPER=/usr/libexec/gcc/x86_64-redhat-linux/6.2.1/lto-wrapper
Target: x86_64-redhat-linux
Configured with: ../configure --enable-bootstrap --enable-languages=c,c++,objc,obj-c++,fortran,ada,go,lto --prefix=/usr --mandir=/usr/share/man --infodir=/usr/share/info --with-bugurl=http://bugzilla.redhat.com/bugzilla --enable-shared --enable-threads=posix --enable-checking=release --enable-multilib --with-system-zlib --enable-__cxa_atexit --disable-libunwind-exceptions --enable-gnu-unique-object --enable-linker-build-id --with-linker-hash-style=gnu --enable-plugin --enable-initfini-array --disable-libgcj --with-isl --enable-libmpx --enable-gnu-indirect-function --with-tune=generic --with-arch_32=i686 --build=x86_64-redhat-linux
Thread model: posix
gcc version 6.2.1 20160916 (Red Hat 6.2.1-2) (GCC) 
configure:12255: $? = 0
configure:12244: g++ -V >&5
g++: error: unrecognized command line option '-V'
g++: fatal error: no input files
compilation terminated.
configure:12255: $? = 1
configure:12244: g++ -qversion >&5
g++: error: unrecognized command line option '-qversion'; did you mean '--version'?
g++: fatal error: no input files
compilation terminated.
configure:12255: $? = 1
configure:12259: checking whether we are using the GNU C++ compiler
configure:12278: g++ -c   conftest.cpp >&5
configure:12278: $? = 0
configure:12287: result: yes
configure:12296: checking whether g++ accepts -g
configure:12316: g++ -c -g  conftest.cpp >&5
configure:12316: $? = 0
configure:12357: result: yes
configure:12398: checking how to run the C++ preprocessor
configure:12425: g++ -E  conftest.cpp
configure:12425: $? = 0
configure:12439: g++ -E  conftest.cpp
conftest.cpp:23:28: fatal error: ac_nonexistent.h: No such file or directory
 #include <ac_nonexistent.h>
                            ^
compilation terminated.
configure:12439: $? = 1
configure: failed program was:
| /* confdefs.h */
| #define PACKAGE_NAME "pam_automount"
| #define PACKAGE_TARNAME "pam_automount"
| #define PACKAGE_VERSION "1.0"
| #define PACKAGE_STRING "pam_automount 1.0"
| #define PACKAGE_BUGREPORT "nicolas.constanty@epitech.eu"
| #define PACKAGE_URL ""
| #define STDC_HEADERS 1
| #define HAVE_SYS_TYPES_H 1
| #define HAVE_SYS_STAT_H 1
| #define HAVE_STDLIB_H 1
| #define HAVE_STRING_H 1
| #define HAVE_MEMORY_H 1
| #define HAVE_STRINGS_H 1
| #define HAVE_INTTYPES_H 1
| #define HAVE_STDINT_H 1
| #define HAVE_UNISTD_H 1
| #define HAVE_DLFCN_H 1
| #define LT_OBJDIR ".libs/"
| #define PACKAGE "pam_automount"
| #define VERSION "1.0"
| /* end confdefs.h.  */
| #include <ac_nonexistent.h>
configure:12464: result: g++ -E
configure:12484: g++ -E  conftest.cpp
configure:12484: $? = 0
configure:12498: g++ -E  conftest.cpp
conftest.cpp:23:28: fatal error: ac_nonexistent.h: No such file or directory
 #include <ac_nonexistent.h>
                            ^
compilation terminated.
configure:12498: $? = 1
configure: failed program was:
| /* confdefs.h */
| #define PACKAGE_NAME "pam_automount"
| #define PACKAGE_TARNAME "pam_automount"
| #define PACKAGE_VERSION "1.0"
| #define PACKAGE_STRING "pam_automount 1.0"
| #define PACKAGE_BUGREPORT "nicolas.constanty@epitech.eu"
| #define PACKAGE_URL ""
| #define STDC_HEADERS 1
| #define HAVE_SYS_TYPES_H 1
| #define HAVE_SYS_STAT_H 1
| #define HAVE_STDLIB_H 1
| #define HAVE_STRING_H 1
| #define HAVE_MEMORY_H 1
| #define HAVE_STRINGS_H 1
| #define HAVE_INTTYPES_H 1
| #define HAVE_STDINT_H 1
| #define HAVE_UNISTD_H 1
| #define HAVE_DLFCN_H 1
| #define LT_OBJDIR ".libs/"
| #define PACKAGE "pam_automount"
| #define VERSION "1.0"
| /* end confdefs.h.  */
| #include <ac_nonexistent.h>
configure:12660: checking for ld used by g++
configure:12727: result: /usr/bin/ld -m elf_x86_64
configure:12734: checking if the linker (/usr/bin/ld -m elf_x86_64) is GNU ld
configure:12749: result: yes
configure:12804: checking whether the g++ linker (/usr/bin/ld -m elf_x86_64) supports shared libraries
configure:13877: result: yes
configure:13913: g++ -c -g -O2  conftest.cpp >&5
configure:13916: $? = 0
configure:14397: checking for g++ option to produce PIC
configure:14404: result: -fPIC -DPIC
configure:14412: checking if g++ PIC flag -fPIC -DPIC works
configure:14430: g++ -c -g -O2  -fPIC -DPIC -DPIC conftest.cpp >&5
configure:14434: $? = 0
configure:14447: result: yes
configure:14470: checking if g++ static flag -static works
configure:14498: result: no
configure:14510: checking if g++ supports -c -o file.o
configure:14531: g++ -c -g -O2  -o out/conftest2.o conftest.cpp >&5
configure:14535: $? = 0
configure:14557: result: yes
configure:14562: checking if g++ supports -c -o file.o
configure:14609: result: yes
configure:14639: checking whether the g++ linker (/usr/bin/ld -m elf_x86_64) supports shared libraries
configure:14679: result: yes
configure:14820: checking dynamic linker characteristics
configure:15568: result: GNU/Linux ld.so
configure:15633: checking how to hardcode library paths into programs
configure:15658: result: immediate
configure:15700: checking dependency style of g++
configure:15811: result: gcc3
configure:15834: checking fcntl.h usability
configure:15834: gcc -c -g -O2  conftest.c >&5
configure:15834: $? = 0
configure:15834: result: yes
configure:15834: checking fcntl.h presence
configure:15834: gcc -E  conftest.c
configure:15834: $? = 0
configure:15834: result: yes
configure:15834: checking for fcntl.h
configure:15834: result: yes
configure:15834: checking malloc.h usability
configure:15834: gcc -c -g -O2  conftest.c >&5
configure:15834: $? = 0
configure:15834: result: yes
configure:15834: checking malloc.h presence
configure:15834: gcc -E  conftest.c
configure:15834: $? = 0
configure:15834: result: yes
configure:15834: checking for malloc.h
configure:15834: result: yes
configure:15834: checking for stdlib.h
configure:15834: result: yes
configure:15834: checking sys/ioctl.h usability
configure:15834: gcc -c -g -O2  conftest.c >&5
configure:15834: $? = 0
configure:15834: result: yes
configure:15834: checking sys/ioctl.h presence
configure:15834: gcc -E  conftest.c
configure:15834: $? = 0
configure:15834: result: yes
configure:15834: checking for sys/ioctl.h
configure:15834: result: yes
configure:15834: checking sys/mount.h usability
configure:15834: gcc -c -g -O2  conftest.c >&5
configure:15834: $? = 0
configure:15834: result: yes
configure:15834: checking sys/mount.h presence
configure:15834: gcc -E  conftest.c
configure:15834: $? = 0
configure:15834: result: yes
configure:15834: checking for sys/mount.h
configure:15834: result: yes
configure:15834: checking for unistd.h
configure:15834: result: yes
configure:15846: checking for stdbool.h that conforms to C99
configure:15913: gcc -c -g -O2  conftest.c >&5
configure:15913: $? = 0
configure:15920: result: yes
configure:15922: checking for _Bool
configure:15922: gcc -c -g -O2  conftest.c >&5
configure:15922: $? = 0
configure:15922: gcc -c -g -O2  conftest.c >&5
conftest.c: In function 'main':
conftest.c:65:20: error: expected expression before ')' token
 if (sizeof ((_Bool)))
                    ^
configure:15922: $? = 1
configure: failed program was:
| /* confdefs.h */
| #define PACKAGE_NAME "pam_automount"
| #define PACKAGE_TARNAME "pam_automount"
| #define PACKAGE_VERSION "1.0"
| #define PACKAGE_STRING "pam_automount 1.0"
| #define PACKAGE_BUGREPORT "nicolas.constanty@epitech.eu"
| #define PACKAGE_URL ""
| #define STDC_HEADERS 1
| #define HAVE_SYS_TYPES_H 1
| #define HAVE_SYS_STAT_H 1
| #define HAVE_STDLIB_H 1
| #define HAVE_STRING_H 1
| #define HAVE_MEMORY_H 1
| #define HAVE_STRINGS_H 1
| #define HAVE_INTTYPES_H 1
| #define HAVE_STDINT_H 1
| #define HAVE_UNISTD_H 1
| #define HAVE_DLFCN_H 1
| #define LT_OBJDIR ".libs/"
| #define PACKAGE "pam_automount"
| #define VERSION "1.0"
| #define HAVE_FCNTL_H 1
| #define HAVE_MALLOC_H 1
| #define HAVE_STDLIB_H 1
| #define HAVE_SYS_IOCTL_H 1
| #define HAVE_SYS_MOUNT_H 1
| #define HAVE_UNISTD_H 1
| /* end confdefs.h.  */
| #include <stdio.h>
| #ifdef HAVE_SYS_TYPES_H
| # include <sys/types.h>
| #endif
| #ifdef HAVE_SYS_STAT_H
| # include <sys/stat.h>
| #endif
| #ifdef STDC_HEADERS
| # include <stdlib.h>
| # include <stddef.h>
| #else
| # ifdef HAVE_STDLIB_H
| #  include <stdlib.h>
| # endif
| #endif
| #ifdef HAVE_STRING_H
| # if !defined STDC_HEADERS && defined HAVE_MEMORY_H
| #  include <memory.h>
| # endif
| # include <string.h>
| #endif
| #ifdef HAVE_STRINGS_H
| # include <strings.h>
| #endif
| #ifdef HAVE_INTTYPES_H
| # include <inttypes.h>
| #endif
| #ifdef HAVE_STDINT_H
| # include <stdint.h>
| #endif
| #ifdef HAVE_UNISTD_H
| # include <unistd.h>
| #endif
| int
| main ()
| {
| if (sizeof ((_Bool)))
| 	    return 0;
|   ;
|   return 0;
| }
configure:15922: result: yes
configure:15933: checking for inline
configure:15949: gcc -c -g -O2  conftest.c >&5
configure:15949: $? = 0
configure:15957: result: inline
configure:15980: checking for memset
configure:15980: gcc -o conftest -g -O2   conftest.c  >&5
conftest.c:53:6: warning: conflicting types for built-in function 'memset'
 char memset ();
      ^~~~~~
configure:15980: $? = 0
configure:15980: result: yes
configure:15980: checking for mkdir
configure:15980: gcc -o conftest -g -O2   conftest.c  >&5
configure:15980: $? = 0
configure:15980: result: yes
configure:15980: checking for rmdir
configure:15980: gcc -o conftest -g -O2   conftest.c  >&5
configure:15980: $? = 0
configure:15980: result: yes
configure:15980: checking for strdup
configure:15980: gcc -o conftest -g -O2   conftest.c  >&5
conftest.c:56:6: warning: conflicting types for built-in function 'strdup'
 char strdup ();
      ^~~~~~
configure:15980: $? = 0
configure:15980: result: yes
configure:15980: checking for strerror
configure:15980: gcc -o conftest -g -O2   conftest.c  >&5
configure:15980: $? = 0
configure:15980: result: yes
configure:16138: checking that generated files are newer than configure
configure:16144: result: done
configure:16171: creating ./config.status

## ---------------------- ##
## Running config.status. ##
## ---------------------- ##

This file was extended by pam_automount config.status 1.0, which was
generated by GNU Autoconf 2.69.  Invocation command line was

  CONFIG_FILES    = 
  CONFIG_HEADERS  = 
  CONFIG_LINKS    = 
  CONFIG_COMMANDS = 
  $ ./config.status 

on localhost.localdomain

config.status:1073: creating Makefile
config.status:1073: creating src/ParserCpp/Makefile
config.status:1073: creating src/PamAutoMount/Makefile
config.status:1245: executing libtool commands
config.status:1245: executing depfiles commands
configure:18460: === configuring in src/PamAutoMount (/home/babiole/Pamela/src/PamAutoMount)
configure:18509: WARNING: no configuration information is in src/PamAutoMount
configure:18460: === configuring in src/ParserCpp (/home/babiole/Pamela/src/ParserCpp)
configure:18509: WARNING: no configuration information is in src/ParserCpp

## ---------------- ##
## Cache variables. ##
## ---------------- ##

ac_cv_build=x86_64-unknown-linux-gnu
ac_cv_c_compiler_gnu=yes
ac_cv_c_inline=inline
ac_cv_cxx_compiler_gnu=yes
ac_cv_env_CCC_set=
ac_cv_env_CCC_value=
ac_cv_env_CC_set=
ac_cv_env_CC_value=
ac_cv_env_CFLAGS_set=
ac_cv_env_CFLAGS_value=
ac_cv_env_CPPFLAGS_set=
ac_cv_env_CPPFLAGS_value=
ac_cv_env_CPP_set=
ac_cv_env_CPP_value=
ac_cv_env_CXXCPP_set=
ac_cv_env_CXXCPP_value=
ac_cv_env_CXXFLAGS_set=
ac_cv_env_CXXFLAGS_value=
ac_cv_env_CXX_set=
ac_cv_env_CXX_value=
ac_cv_env_LDFLAGS_set=
ac_cv_env_LDFLAGS_value=
ac_cv_env_LIBS_set=
ac_cv_env_LIBS_value=
ac_cv_env_LT_SYS_LIBRARY_PATH_set=
ac_cv_env_LT_SYS_LIBRARY_PATH_value=
ac_cv_env_build_alias_set=
ac_cv_env_build_alias_value=
ac_cv_env_host_alias_set=
ac_cv_env_host_alias_value=
ac_cv_env_target_alias_set=
ac_cv_env_target_alias_value=
ac_cv_func_memset=yes
ac_cv_func_mkdir=yes
ac_cv_func_rmdir=yes
ac_cv_func_strdup=yes
ac_cv_func_strerror=yes
ac_cv_header_dlfcn_h=yes
ac_cv_header_fcntl_h=yes
ac_cv_header_inttypes_h=yes
ac_cv_header_malloc_h=yes
ac_cv_header_memory_h=yes
ac_cv_header_stdbool_h=yes
ac_cv_header_stdc=yes
ac_cv_header_stdint_h=yes
ac_cv_header_stdlib_h=yes
ac_cv_header_string_h=yes
ac_cv_header_strings_h=yes
ac_cv_header_sys_ioctl_h=yes
ac_cv_header_sys_mount_h=yes
ac_cv_header_sys_stat_h=yes
ac_cv_header_sys_types_h=yes
ac_cv_header_unistd_h=yes
ac_cv_host=x86_64-unknown-linux-gnu
ac_cv_objext=o
ac_cv_path_EGREP='/usr/bin/grep -E'
ac_cv_path_FGREP='/usr/bin/grep -F'
ac_cv_path_GREP=/usr/bin/grep
ac_cv_path_SED=/usr/bin/sed
ac_cv_path_install='/usr/bin/install -c'
ac_cv_path_lt_DD=/usr/bin/dd
ac_cv_path_mkdir=/usr/bin/mkdir
ac_cv_prog_AWK=gawk
ac_cv_prog_CPP='gcc -E'
ac_cv_prog_CXXCPP='g++ -E'
ac_cv_prog_ac_ct_AR=ar
ac_cv_prog_ac_ct_CC=gcc
ac_cv_prog_ac_ct_CXX=g++
ac_cv_prog_ac_ct_OBJDUMP=objdump
ac_cv_prog_ac_ct_RANLIB=ranlib
ac_cv_prog_ac_ct_STRIP=strip
ac_cv_prog_cc_c89=
ac_cv_prog_cc_g=yes
ac_cv_prog_cxx_g=yes
ac_cv_prog_make_make_set=yes
ac_cv_type__Bool=yes
am_cv_CC_dependencies_compiler_type=gcc3
am_cv_CXX_dependencies_compiler_type=gcc3
am_cv_make_support_nested_variables=yes
am_cv_prog_cc_c_o=yes
lt_cv_ar_at_file=@
lt_cv_archive_cmds_need_lc=no
lt_cv_deplibs_check_method=pass_all
lt_cv_file_magic_cmd='$MAGIC_CMD'
lt_cv_file_magic_test_file=
lt_cv_ld_reload_flag=-r
lt_cv_nm_interface='BSD nm'
lt_cv_objdir=.libs
lt_cv_path_LD=/usr/bin/ld
lt_cv_path_LDCXX='/usr/bin/ld -m elf_x86_64'
lt_cv_path_NM='/usr/bin/nm -B'
lt_cv_path_mainfest_tool=no
lt_cv_prog_compiler_c_o=yes
lt_cv_prog_compiler_c_o_CXX=yes
lt_cv_prog_compiler_pic='-fPIC -DPIC'
lt_cv_prog_compiler_pic_CXX='-fPIC -DPIC'
lt_cv_prog_compiler_pic_works=yes
lt_cv_prog_compiler_pic_works_CXX=yes
lt_cv_prog_compiler_rtti_exceptions=no
lt_cv_prog_compiler_static_works=no
lt_cv_prog_compiler_static_works_CXX=no
lt_cv_prog_gnu_ld=yes
lt_cv_prog_gnu_ldcxx=yes
lt_cv_sharedlib_from_linklib_cmd='printf %s\n'
lt_cv_shlibpath_overrides_runpath=no
lt_cv_sys_global_symbol_pipe='sed -n -e '\''s/^.*[	 ]\([ABCDGIRSTW][ABCDGIRSTW]*\)[	 ][	 ]*\([_A-Za-z][_A-Za-z0-9]*\)$/\1 \2 \2/p'\'' | sed '\''/ __gnu_lto/d'\'''
lt_cv_sys_global_symbol_to_c_name_address='sed -n -e '\''s/^: \(.*\) .*$/  {"\1", (void *) 0},/p'\'' -e '\''s/^[ABCDGIRSTW][ABCDGIRSTW]* .* \(.*\)$/  {"\1", (void *) \&\1},/p'\'''
lt_cv_sys_global_symbol_to_c_name_address_lib_prefix='sed -n -e '\''s/^: \(.*\) .*$/  {"\1", (void *) 0},/p'\'' -e '\''s/^[ABCDGIRSTW][ABCDGIRSTW]* .* \(lib.*\)$/  {"\1", (void *) \&\1},/p'\'' -e '\''s/^[ABCDGIRSTW][ABCDGIRSTW]* .* \(.*\)$/  {"lib\1", (void *) \&\1},/p'\'''
lt_cv_sys_global_symbol_to_cdecl='sed -n -e '\''s/^T .* \(.*\)$/extern int \1();/p'\'' -e '\''s/^[ABCDGIRSTW][ABCDGIRSTW]* .* \(.*\)$/extern char \1;/p'\'''
lt_cv_sys_global_symbol_to_import=
lt_cv_sys_max_cmd_len=1572864
lt_cv_to_host_file_cmd=func_convert_file_noop
lt_cv_to_tool_file_cmd=func_convert_file_noop
lt_cv_truncate_bin='/usr/bin/dd bs=4096 count=1'

## ----------------- ##
## Output variables. ##
## ----------------- ##

ACLOCAL='${SHELL} /home/babiole/Pamela/missing aclocal-1.15'
AMDEPBACKSLASH='\'
AMDEP_FALSE='#'
AMDEP_TRUE=''
AMTAR='$${TAR-tar}'
AM_BACKSLASH='\'
AM_DEFAULT_V='$(AM_DEFAULT_VERBOSITY)'
AM_DEFAULT_VERBOSITY='1'
AM_V='$(V)'
AR='ar'
AUTOCONF='${SHELL} /home/babiole/Pamela/missing autoconf'
AUTOHEADER='${SHELL} /home/babiole/Pamela/missing autoheader'
AUTOMAKE='${SHELL} /home/babiole/Pamela/missing automake-1.15'
AWK='gawk'
CC='gcc'
CCDEPMODE='depmode=gcc3'
CFLAGS='-g -O2'
CPP='gcc -E'
CPPFLAGS=''
CXX='g++'
CXXCPP='g++ -E'
CXXDEPMODE='depmode=gcc3'
CXXFLAGS='-g -O2'
CYGPATH_W='echo'
DEFS='-DPACKAGE_NAME=\"pam_automount\" -DPACKAGE_TARNAME=\"pam_automount\" -DPACKAGE_VERSION=\"1.0\" -DPACKAGE_STRING=\"pam_automount\ 1.0\" -DPACKAGE_BUGREPORT=\"nicolas.constanty@epitech.eu\" -DPACKAGE_URL=\"\" -DSTDC_HEADERS=1 -DHAVE_SYS_TYPES_H=1 -DHAVE_SYS_STAT_H=1 -DHAVE_STDLIB_H=1 -DHAVE_STRING_H=1 -DHAVE_MEMORY_H=1 -DHAVE_STRINGS_H=1 -DHAVE_INTTYPES_H=1 -DHAVE_STDINT_H=1 -DHAVE_UNISTD_H=1 -DHAVE_DLFCN_H=1 -DLT_OBJDIR=\".libs/\" -DPACKAGE=\"pam_automount\" -DVERSION=\"1.0\" -DHAVE_FCNTL_H=1 -DHAVE_MALLOC_H=1 -DHAVE_STDLIB_H=1 -DHAVE_SYS_IOCTL_H=1 -DHAVE_SYS_MOUNT_H=1 -DHAVE_UNISTD_H=1 -DHAVE__BOOL=1 -DHAVE_MEMSET=1 -DHAVE_MKDIR=1 -DHAVE_RMDIR=1 -DHAVE_STRDUP=1 -DHAVE_STRERROR=1'
DEPDIR='.deps'
DLLTOOL='false'
DSYMUTIL=''
DUMPBIN=''
ECHO_C=''
ECHO_N='-n'
ECHO_T=''
EGREP='/usr/bin/grep -E'
EXEEXT=''
FGREP='/usr/bin/grep -F'
GREP='/usr/bin/grep'
INSTALL_DATA='${INSTALL} -m 644'
INSTALL_PROGRAM='${INSTALL}'
INSTALL_SCRIPT='${INSTALL}'
INSTALL_STRIP_PROGRAM='$(install_sh) -c -s'
LD='/usr/bin/ld -m elf_x86_64'
LDFLAGS=''
LIBOBJS=''
LIBS=''
LIBTOOL='$(SHELL) $(top_builddir)/libtool'
LIPO=''
LN_S='ln -s'
LTLIBOBJS=''
LT_SYS_LIBRARY_PATH=''
MAKEINFO='${SHELL} /home/babiole/Pamela/missing makeinfo'
MANIFEST_TOOL=':'
MKDIR_P='/usr/bin/mkdir -p'
NM='/usr/bin/nm -B'
NMEDIT=''
OBJDUMP='objdump'
OBJEXT='o'
OTOOL64=''
OTOOL=''
PACKAGE='pam_automount'
PACKAGE_BUGREPORT='nicolas.constanty@epitech.eu'
PACKAGE_NAME='pam_automount'
PACKAGE_STRING='pam_automount 1.0'
PACKAGE_TARNAME='pam_automount'
PACKAGE_URL=''
PACKAGE_VERSION='1.0'
PATH_SEPARATOR=':'
RANLIB='ranlib'
SED='/usr/bin/sed'
SET_MAKE=''
SHELL='/bin/sh'
STRIP='strip'
VERSION='1.0'
ac_ct_AR='ar'
ac_ct_CC='gcc'
ac_ct_CXX='g++'
ac_ct_DUMPBIN=''
am__EXEEXT_FALSE=''
am__EXEEXT_TRUE='#'
am__fastdepCC_FALSE='#'
am__fastdepCC_TRUE=''
am__fastdepCXX_FALSE='#'
am__fastdepCXX_TRUE=''
am__include='include'
am__isrc=''
am__leading_dot='.'
am__nodep='_no'
am__quote=''
am__tar='$${TAR-tar} chof - "$$tardir"'
am__untar='$${TAR-tar} xf -'
bindir='${exec_prefix}/bin'
build='x86_64-unknown-linux-gnu'
build_alias=''
build_cpu='x86_64'
build_os='linux-gnu'
build_vendor='unknown'
datadir='${datarootdir}'
datarootdir='${prefix}/share'
docdir='${datarootdir}/doc/${PACKAGE_TARNAME}'
dvidir='${docdir}'
exec_prefix='${prefix}'
host='x86_64-unknown-linux-gnu'
host_alias=''
host_cpu='x86_64'
host_os='linux-gnu'
host_vendor='unknown'
htmldir='${docdir}'
includedir='${prefix}/include'
infodir='${datarootdir}/info'
install_sh='${SHELL} /home/babiole/Pamela/install-sh'
libdir='${exec_prefix}/lib'
libexecdir='${exec_prefix}/libexec'
localedir='${datarootdir}/locale'
localstatedir='${prefix}/var'
mandir='${datarootdir}/man'
mkdir_p='$(MKDIR_P)'
oldincludedir='/usr/include'
pdfdir='${docdir}'
prefix='/home/babiole/Pamela/PamDebian'
program_transform_name='s,x,x,'
psdir='${docdir}'
sbindir='${exec_prefix}/sbin'
sharedstatedir='${prefix}/com'
subdirs=' src/PamAutoMount src/ParserCpp'
sysconfdir='${prefix}/etc'
target_alias=''

## ----------- ##
## confdefs.h. ##
## ----------- ##

/* confdefs.h */
#define PACKAGE_NAME "pam_automount"
#define PACKAGE_TARNAME "pam_automount"
#define PACKAGE_VERSION "1.0"
#define PACKAGE_STRING "pam_automount 1.0"
#define PACKAGE_BUGREPORT "nicolas.constanty@epitech.eu"
#define PACKAGE_URL ""
#define STDC_HEADERS 1
#define HAVE_SYS_TYPES_H 1
#define HAVE_SYS_STAT_H 1
#define HAVE_STDLIB_H 1
#define HAVE_STRING_H 1
#define HAVE_MEMORY_H 1
#define HAVE_STRINGS_H 1
#define HAVE_INTTYPES_H 1
#define HAVE_STDINT_H 1
#define HAVE_UNISTD_H 1
#define HAVE_DLFCN_H 1
#define LT_OBJDIR ".libs/"
#define PACKAGE "pam_automount"
#define VERSION "1.0"
#define HAVE_FCNTL_H 1
#define HAVE_MALLOC_H 1
#define HAVE_STDLIB_H 1
#define HAVE_SYS_IOCTL_H 1
#define HAVE_SYS_MOUNT_H 1
#define HAVE_UNISTD_H 1
#define HAVE__BOOL 1
#define HAVE_MEMSET 1
#define HAVE_MKDIR 1
#define HAVE_RMDIR 1
#define HAVE_STRDUP 1
#define HAVE_STRERROR 1

configure: exit 0
